
1616744693
 DELETE  FROM tbl_user_teach_languages WHERE utl_booking_slot IN (?) 
1616744693
 SELECT lbl.label_id, 
lbl.label_lang_id, 
lbl.label_key, 
lbl.label_caption
 FROM 
`tbl_language_labels` lbl  
WHERE lbl.`label_lang_id` = ? 
AND `label_key` = ? 
ORDER BY lbl.label_id DESC
1616744829
 DELETE  FROM tbl_user_teach_languages WHERE utl_booking_slot IN (?) 
1616744829
 SELECT lbl.label_id, 
lbl.label_lang_id, 
lbl.label_key, 
lbl.label_caption
 FROM 
`tbl_language_labels` lbl  
WHERE lbl.`label_lang_id` = ? 
AND `label_key` = ? 
ORDER BY lbl.label_id DESC
1616744986
 DELETE  FROM tbl_user_teach_languages WHERE utl_booking_slot IN (30,90,120)
1616744986
 SELECT lbl.label_id, 
lbl.label_lang_id, 
lbl.label_key, 
lbl.label_caption
 FROM 
`tbl_language_labels` lbl  
WHERE lbl.`label_lang_id` = ? 
AND `label_key` = ? 
ORDER BY lbl.label_id DESC